  main.cpp
D:\ProjectGit\Course2\Sea_Battle\Sea_Battle\main.cpp(69,28): warning C4305: аргумент: усечение из "double" в "float"
D:\ProjectGit\Course2\Sea_Battle\Sea_Battle\main.cpp(70,29): warning C4305: аргумент: усечение из "double" в "float"
D:\ProjectGit\Course2\Sea_Battle\Sea_Battle\main.cpp(71,26): warning C4305: аргумент: усечение из "double" в "float"
D:\ProjectGit\Course2\Sea_Battle\Sea_Battle\main.cpp(72,33): warning C4305: аргумент: усечение из "double" в "float"
D:\ProjectGit\Course2\Sea_Battle\Sea_Battle\main.cpp(139,12): warning C4244: аргумент: преобразование "time_t" в "unsigned int", возможна потеря данных
D:\ProjectGit\Course2\Sea_Battle\Sea_Battle\main.cpp(311,50): warning C4244: аргумент: преобразование "int" в "float", возможна потеря данных
D:\ProjectGit\Course2\Sea_Battle\Sea_Battle\main.cpp(311,37): warning C4244: аргумент: преобразование "int" в "float", возможна потеря данных
D:\ProjectGit\Course2\Sea_Battle\Sea_Battle\main.cpp(318,54): warning C4244: аргумент: преобразование "int" в "float", возможна потеря данных
D:\ProjectGit\Course2\Sea_Battle\Sea_Battle\main.cpp(318,41): warning C4244: аргумент: преобразование "int" в "float", возможна потеря данных
D:\ProjectGit\Course2\Sea_Battle\Sea_Battle\main.cpp(325,55): warning C4244: аргумент: преобразование "int" в "float", возможна потеря данных
D:\ProjectGit\Course2\Sea_Battle\Sea_Battle\main.cpp(325,42): warning C4244: аргумент: преобразование "int" в "float", возможна потеря данных
D:\ProjectGit\Course2\Sea_Battle\Sea_Battle\main.cpp(333,55): warning C4244: аргумент: преобразование "int" в "float", возможна потеря данных
D:\ProjectGit\Course2\Sea_Battle\Sea_Battle\main.cpp(333,41): warning C4244: аргумент: преобразование "int" в "float", возможна потеря данных
D:\ProjectGit\Course2\Sea_Battle\Sea_Battle\main.cpp(340,56): warning C4244: аргумент: преобразование "int" в "float", возможна потеря данных
D:\ProjectGit\Course2\Sea_Battle\Sea_Battle\main.cpp(340,42): warning C4244: аргумент: преобразование "int" в "float", возможна потеря данных
D:\ProjectGit\Course2\Sea_Battle\Sea_Battle\main.cpp(299,3): warning C4809: в операторе switch имеется ненужная метка "default"; все возможные метки "case" уже заданы
main.obj : error LNK2001: неразрешенный внешний символ ""__declspec(dllimport) public: static class sf::RenderStates const sf::RenderStates::Default" (__imp_?Default@RenderStates@sf@@2V12@B)"
main.obj : error LNK2001: неразрешенный внешний символ ""__declspec(dllimport) public: static class sf::Color const sf::Color::White" (__imp_?White@Color@sf@@2V12@B)"
main.obj : error LNK2001: неразрешенный внешний символ ""__declspec(dllimport) public: static class sf::IpAddress __cdecl sf::IpAddress::getLocalAddress(void)" (__imp_?getLocalAddress@IpAddress@sf@@SA?AV12@XZ)"
main.obj : error LNK2001: неразрешенный внешний символ ""__declspec(dllimport) public: static class sf::Time const sf::Time::Zero" (__imp_?Zero@Time@sf@@2V12@B)"
main.obj : error LNK2001: неразрешенный внешний символ ""__declspec(dllimport) public: void __cdecl sf::Transformable::scale(float,float)" (__imp_?scale@Transformable@sf@@QEAAXMM@Z)"
main.obj : error LNK2001: неразрешенный внешний символ ""__declspec(dllimport) public: void __cdecl sf::Transformable::setPosition(float,float)" (__imp_?setPosition@Transformable@sf@@QEAAXMM@Z)"
main.obj : error LNK2001: неразрешенный внешний символ ""__declspec(dllimport) public: class sf::Texture & __cdecl sf::Texture::operator=(class sf::Texture const &)" (__imp_??4Texture@sf@@QEAAAEAV01@AEBV01@@Z)"
main.obj : error LNK2001: неразрешенный внешний символ ""__declspec(dllimport) public: void __cdecl sf::Texture::setSmooth(bool)" (__imp_?setSmooth@Texture@sf@@QEAAX_N@Z)"
main.obj : error LNK2001: неразрешенный внешний символ ""__declspec(dllimport) public: bool __cdecl sf::Texture::loadFromImage(class sf::Image const &,class sf::Rect<int> const &)" (__imp_?loadFromImage@Texture@sf@@QEAA_NAEBVImage@2@AEBV?$Rect@H@2@@Z)"
main.obj : error LNK2001: неразрешенный внешний символ ""__declspec(dllimport) public: bool __cdecl sf::Texture::loadFromFile(class std::basic_string<char,struct std::char_traits<char>,class std::allocator<char> > const &,class sf::Rect<int> const &)" (__imp_?loadFromFile@Texture@sf@@QEAA_NAEBV?$basic_string@DU?$char_traits@D@std@@V?$allocator@D@2@@std@@AEBV?$Rect@H@2@@Z)"
main.obj : error LNK2001: неразрешенный внешний символ ""__declspec(dllimport) public: __cdecl sf::Texture::~Texture(void)" (__imp_??1Texture@sf@@QEAA@XZ)"
main.obj : error LNK2001: неразрешенный внешний символ ""__declspec(dllimport) public: __cdecl sf::Texture::Texture(void)" (__imp_??0Texture@sf@@QEAA@XZ)"
main.obj : error LNK2001: неразрешенный внешний символ ""__declspec(dllimport) public: __cdecl sf::Texture::Texture(class sf::Texture const &)" (__imp_??0Texture@sf@@QEAA@AEBV01@@Z)"
main.obj : error LNK2001: неразрешенный внешний символ ""__declspec(dllimport) public: bool __cdecl sf::Font::loadFromFile(class std::basic_string<char,struct std::char_traits<char>,class std::allocator<char> > const &)" (__imp_?loadFromFile@Font@sf@@QEAA_NAEBV?$basic_string@DU?$char_traits@D@std@@V?$allocator@D@2@@std@@@Z)"
main.obj : error LNK2001: неразрешенный внешний символ ""__declspec(dllimport) public: __cdecl sf::Font::~Font(void)" (__imp_??1Font@sf@@QEAA@XZ)"
main.obj : error LNK2001: неразрешенный внешний символ ""__declspec(dllimport) public: __cdecl sf::Font::Font(void)" (__imp_??0Font@sf@@QEAA@XZ)"
main.obj : error LNK2001: неразрешенный внешний символ ""__declspec(dllimport) class sf::String __cdecl sf::operator+(class sf::String const &,class sf::String const &)" (__imp_??Hsf@@YA?AVString@0@AEBV10@0@Z)"
main.obj : error LNK2001: неразрешенный внешний символ ""__declspec(dllimport) public: virtual __cdecl sf::RenderWindow::~RenderWindow(void)" (__imp_??1RenderWindow@sf@@UEAA@XZ)"
main.obj : error LNK2001: неразрешенный внешний символ ""__declspec(dllimport) public: __cdecl sf::RenderWindow::RenderWindow(class sf::VideoMode,class sf::String const &,unsigned int,struct sf::ContextSettings const &)" (__imp_??0RenderWindow@sf@@QEAA@VVideoMode@1@AEBVString@1@IAEBUContextSettings@1@@Z)"
main.obj : error LNK2001: неразрешенный внешний символ ""__declspec(dllimport) public: __cdecl sf::Color::Color(unsigned char,unsigned char,unsigned char,unsigned char)" (__imp_??0Color@sf@@QEAA@EEEE@Z)"
main.obj : error LNK2001: неразрешенный внешний символ ""__declspec(dllimport) public: bool __cdecl sf::Image::loadFromFile(class std::basic_string<char,struct std::char_traits<char>,class std::allocator<char> > const &)" (__imp_?loadFromFile@Image@sf@@QEAA_NAEBV?$basic_string@DU?$char_traits@D@std@@V?$allocator@D@2@@std@@@Z)"
main.obj : error LNK2001: неразрешенный внешний символ ""__declspec(dllimport) public: __cdecl sf::Image::~Image(void)" (__imp_??1Image@sf@@QEAA@XZ)"
main.obj : error LNK2001: неразрешенный внешний символ ""__declspec(dllimport) public: __cdecl sf::Image::Image(void)" (__imp_??0Image@sf@@QEAA@XZ)"
main.obj : error LNK2001: неразрешенный внешний символ ""__declspec(dllimport) public: enum sf::Socket::Status __cdecl sf::TcpSocket::receive(void *,unsigned __int64,unsigned __int64 &)" (__imp_?receive@TcpSocket@sf@@QEAA?AW4Status@Socket@2@PEAX_KAEA_K@Z)"
main.obj : error LNK2001: неразрешенный внешний символ ""__declspec(dllimport) public: enum sf::Socket::Status __cdecl sf::TcpSocket::send(void const *,unsigned __int64)" (__imp_?send@TcpSocket@sf@@QEAA?AW4Status@Socket@2@PEBX_K@Z)"
main.obj : error LNK2001: неразрешенный внешний символ ""__declspec(dllimport) public: enum sf::Socket::Status __cdecl sf::TcpSocket::connect(class sf::IpAddress const &,unsigned short,class sf::Time)" (__imp_?connect@TcpSocket@sf@@QEAA?AW4Status@Socket@2@AEBVIpAddress@2@GVTime@2@@Z)"
main.obj : error LNK2001: неразрешенный внешний символ ""__declspec(dllimport) public: __cdecl sf::TcpSocket::TcpSocket(void)" (__imp_??0TcpSocket@sf@@QEAA@XZ)"
main.obj : error LNK2001: неразрешенный внешний символ ""__declspec(dllimport) public: void __cdecl sf::Window::display(void)" (__imp_?display@Window@sf@@QEAAXXZ)"
main.obj : error LNK2001: неразрешенный внешний символ ""__declspec(dllimport) public: bool __cdecl sf::Window::pollEvent(class sf::Event &)" (__imp_?pollEvent@Window@sf@@QEAA_NAEAVEvent@2@@Z)"
main.obj : error LNK2001: неразрешенный внешний символ ""__declspec(dllimport) public: bool __cdecl sf::Window::isOpen(void)const " (__imp_?isOpen@Window@sf@@QEBA_NXZ)"
main.obj : error LNK2001: неразрешенный внешний символ ""__declspec(dllimport) public: void __cdecl sf::Window::close(void)" (__imp_?close@Window@sf@@QEAAXXZ)"
main.obj : error LNK2001: неразрешенный внешний символ ""__declspec(dllimport) public: void __cdecl sf::RenderTarget::draw(class sf::Drawable const &,class sf::RenderStates const &)" (__imp_?draw@RenderTarget@sf@@QEAAXAEBVDrawable@2@AEBVRenderStates@2@@Z)"
main.obj : error LNK2001: неразрешенный внешний символ ""__declspec(dllimport) public: class sf::Vector2<float> __cdecl sf::RenderTarget::mapPixelToCoords(class sf::Vector2<int> const &)const " (__imp_?mapPixelToCoords@RenderTarget@sf@@QEBA?AV?$Vector2@M@2@AEBV?$Vector2@H@2@@Z)"
main.obj : error LNK2001: неразрешенный внешний символ ""__declspec(dllimport) public: void __cdecl sf::RenderTarget::clear(class sf::Color const &)" (__imp_?clear@RenderTarget@sf@@QEAAXAEBVColor@2@@Z)"
main.obj : error LNK2001: неразрешенный внешний символ ""__declspec(dllimport) public: static bool __cdecl sf::Keyboard::isKeyPressed(enum sf::Keyboard::Key)" (__imp_?isKeyPressed@Keyboard@sf@@SA_NW4Key@12@@Z)"
main.obj : error LNK2001: неразрешенный внешний символ ""__declspec(dllimport) public: unsigned int const * __cdecl sf::String::getData(void)const " (__imp_?getData@String@sf@@QEBAPEBIXZ)"
main.obj : error LNK2001: неразрешенный внешний символ ""__declspec(dllimport) public: unsigned __int64 __cdecl sf::String::getSize(void)const " (__imp_?getSize@String@sf@@QEBA_KXZ)"
main.obj : error LNK2001: неразрешенный внешний символ ""__declspec(dllimport) public: unsigned int & __cdecl sf::String::operator[](unsigned __int64)" (__imp_??AString@sf@@QEAAAEAI_K@Z)"
main.obj : error LNK2001: неразрешенный внешний символ ""__declspec(dllimport) public: class sf::String & __cdecl sf::String::operator=(class sf::String const &)" (__imp_??4String@sf@@QEAAAEAV01@AEBV01@@Z)"
main.obj : error LNK2001: неразрешенный внешний символ ""__declspec(dllimport) public: __cdecl sf::String::operator class std::basic_string<char,struct std::char_traits<char>,class std::allocator<char> >(void)const " (__imp_??BString@sf@@QEBA?AV?$basic_string@DU?$char_traits@D@std@@V?$allocator@D@2@@std@@XZ)"
main.obj : error LNK2001: неразрешенный внешний символ ""__declspec(dllimport) public: __cdecl sf::String::String(void)" (__imp_??0String@sf@@QEAA@XZ)"
main.obj : error LNK2001: неразрешенный внешний символ ""__declspec(dllimport) public: __cdecl sf::String::String(char const *,class std::locale const &)" (__imp_??0String@sf@@QEAA@PEBDAEBVlocale@std@@@Z)"
main.obj : error LNK2001: неразрешенный внешний символ ""__declspec(dllimport) public: __cdecl sf::String::String(class sf::String const &)" (__imp_??0String@sf@@QEAA@AEBV01@@Z)"
main.obj : error LNK2001: неразрешенный внешний символ ""__declspec(dllimport) public: __cdecl sf::VideoMode::VideoMode(unsigned int,unsigned int,unsigned int)" (__imp_??0VideoMode@sf@@QEAA@III@Z)"
main.obj : error LNK2001: неразрешенный внешний символ ""__declspec(dllimport) public: void __cdecl sf::Sprite::setColor(class sf::Color const &)" (__imp_?setColor@Sprite@sf@@QEAAXAEBVColor@2@@Z)"
main.obj : error LNK2001: неразрешенный внешний символ ""__declspec(dllimport) public: void __cdecl sf::Sprite::setTextureRect(class sf::Rect<int> const &)" (__imp_?setTextureRect@Sprite@sf@@QEAAXAEBV?$Rect@H@2@@Z)"
main.obj : error LNK2001: неразрешенный внешний символ ""__declspec(dllimport) public: void __cdecl sf::Sprite::setTexture(class sf::Texture const &,bool)" (__imp_?setTexture@Sprite@sf@@QEAAXAEBVTexture@2@_N@Z)"
main.obj : error LNK2001: неразрешенный внешний символ ""__declspec(dllimport) public: __cdecl sf::Sprite::Sprite(void)" (__imp_??0Sprite@sf@@QEAA@XZ)"
main.obj : error LNK2001: неразрешенный внешний символ ""__declspec(dllimport) public: __cdecl sf::Sprite::Sprite(class sf::Texture const &)" (__imp_??0Sprite@sf@@QEAA@AEBVTexture@1@@Z)"
main.obj : error LNK2001: неразрешенный внешний символ ""__declspec(dllimport) public: void __cdecl sf::Text::setString(class sf::String const &)" (__imp_?setString@Text@sf@@QEAAXAEBVString@2@@Z)"
main.obj : error LNK2001: неразрешенный внешний символ ""__declspec(dllimport) public: __cdecl sf::Text::Text(class sf::String const &,class sf::Font const &,unsigned int)" (__imp_??0Text@sf@@QEAA@AEBVString@1@AEBVFont@1@I@Z)"
main.obj : error LNK2001: неразрешенный внешний символ ""__declspec(dllimport) public: static class sf::Vector2<int> __cdecl sf::Mouse::getPosition(class sf::Window const &)" (__imp_?getPosition@Mouse@sf@@SA?AV?$Vector2@H@2@AEBVWindow@2@@Z)"
main.obj : error LNK2001: неразрешенный внешний символ ""__declspec(dllimport) public: static bool __cdecl sf::Mouse::isButtonPressed(enum sf::Mouse::Button)" (__imp_?isButtonPressed@Mouse@sf@@SA_NW4Button@12@@Z)"
main.obj : error LNK2001: неразрешенный внешний символ ""__declspec(dllimport) public: static class sf::Color const sf::Color::Blue" (__imp_?Blue@Color@sf@@2V12@B)"
main.obj : error LNK2001: неразрешенный внешний символ ""__declspec(dllimport) public: class sf::Sprite & __cdecl sf::Sprite::operator=(class sf::Sprite &&)" (__imp_??4Sprite@sf@@QEAAAEAV01@$$QEAV01@@Z)"
main.obj : error LNK2001: неразрешенный внешний символ ""__declspec(dllimport) public: class sf::Image & __cdecl sf::Image::operator=(class sf::Image const &)" (__imp_??4Image@sf@@QEAAAEAV01@AEBV01@@Z)"
main.obj : error LNK2001: неразрешенный внешний символ ""__declspec(dllimport) public: __cdecl sf::Sprite::Sprite(class sf::Sprite const &)" (__imp_??0Sprite@sf@@QEAA@AEBV01@@Z)"
main.obj : error LNK2001: неразрешенный внешний символ ""__declspec(dllimport) public: virtual __cdecl sf::Text::~Text(void)" (__imp_??1Text@sf@@UEAA@XZ)"
main.obj : error LNK2001: неразрешенный внешний символ ""__declspec(dllimport) public: __cdecl sf::Sprite::Sprite(class sf::Sprite &&)" (__imp_??0Sprite@sf@@QEAA@$$QEAV01@@Z)"
main.obj : error LNK2001: неразрешенный внешний символ ""__declspec(dllimport) public: __cdecl sf::Image::Image(class sf::Image const &)" (__imp_??0Image@sf@@QEAA@AEBV01@@Z)"
main.obj : error LNK2001: неразрешенный внешний символ ""__declspec(dllimport) public: virtual __cdecl sf::TcpSocket::~TcpSocket(void)" (__imp_??1TcpSocket@sf@@UEAA@XZ)"
main.obj : error LNK2001: неразрешенный внешний символ ""__declspec(dllimport) public: virtual __cdecl sf::Sprite::~Sprite(void)" (__imp_??1Sprite@sf@@UEAA@XZ)"
main.obj : error LNK2001: неразрешенный внешний символ ""__declspec(dllimport) public: __cdecl sf::String::~String(void)" (__imp_??1String@sf@@QEAA@XZ)"
D:\ProjectGit\Course2\Sea_Battle\x64\Release\Sea_Battle.exe : fatal error LNK1120: неразрешенных внешних элементов: 63
